C:\Users\mlwpf\Downloads\Math2\Math2\app\models\player.js
C:\Users\mlwpf\Downloads\Math2\Math2\app\models\player.js.map
C:\Users\mlwpf\Downloads\Math2\Math2\app\models\question.js
C:\Users\mlwpf\Downloads\Math2\Math2\app\models\question.js.map
C:\Users\mlwpf\Downloads\Math2\Math2\app\models\game.js
C:\Users\mlwpf\Downloads\Math2\Math2\app\models\game.js.map
C:\Users\mlwpf\Downloads\Math2\Math2\app\app.component.js
C:\Users\mlwpf\Downloads\Math2\Math2\app\app.component.js.map
C:\Users\mlwpf\Downloads\Math2\Math2\app\home\home.component.js
C:\Users\mlwpf\Downloads\Math2\Math2\app\home\home.component.js.map
C:\Users\mlwpf\Downloads\Math2\Math2\app\app.routing.js
C:\Users\mlwpf\Downloads\Math2\Math2\app\app.routing.js.map
C:\Users\mlwpf\Downloads\Math2\Math2\app\players\players.component.js
C:\Users\mlwpf\Downloads\Math2\Math2\app\players\players.component.js.map
C:\Users\mlwpf\Downloads\Math2\Math2\app\login\login.component.js
C:\Users\mlwpf\Downloads\Math2\Math2\app\login\login.component.js.map
C:\Users\mlwpf\Downloads\Math2\Math2\app\app.module.js
C:\Users\mlwpf\Downloads\Math2\Math2\app\app.module.js.map
C:\Users\mlwpf\Downloads\Math2\Math2\app\main.js
C:\Users\mlwpf\Downloads\Math2\Math2\app\main.js.map
C:\Users\mlwpf\Downloads\Math2\Math2\app\components\home\home.component.js
C:\Users\mlwpf\Downloads\Math2\Math2\app\components\home\home.component.js.map
C:\Users\mlwpf\Downloads\Math2\Math2\app\components\login\login.component.js
C:\Users\mlwpf\Downloads\Math2\Math2\app\components\login\login.component.js.map
